<?xml version="1.0" encoding="UTF-8"?>
<!-- Generated by org.testng.reporters.JUnitReportReporter -->
<testsuite skipped="0" hostname="Rohans-MBP-2.attlocal.net" name="com.salesforce.qa.testcases.LoginPageTest" tests="5" failures="0" timestamp="2020-06-15T10:10:04 PDT" time="42.988" errors="0">
  <testcase name="loginPageTitleTest" time="6.628" classname="com.salesforce.qa.testcases.LoginPageTest"/>
  <system-out/>
  <testcase name="loginTest" time="7.385" classname="com.salesforce.qa.testcases.LoginPageTest"/>
  <system-out/>
  <testcase name="logintest_invalidCredentials" time="5.813" classname="com.salesforce.qa.testcases.LoginPageTest"/>
  <system-out/>
  <testcase name="logintest_invalidCredentials" time="8.811" classname="com.salesforce.qa.testcases.LoginPageTest"/>
  <system-out/>
  <testcase name="logintest_rememberMe" time="14.351" classname="com.salesforce.qa.testcases.LoginPageTest"/>
  <system-out/>
</testsuite> <!-- com.salesforce.qa.testcases.LoginPageTest -->
