<?xml version="1.0" encoding="UTF-8"?>
<!-- Generated by org.testng.reporters.JUnitReportReporter -->
<testsuite skipped="0" hostname="Rohans-MBP-2.attlocal.net" name="com.salesforce.qa.testcases.LoginPageTest" tests="2" failures="0" timestamp="2020-06-12T18:25:08 PDT" time="18.058" errors="0">
  <testcase name="loginPageTitleTest" time="6.861" classname="com.salesforce.qa.testcases.LoginPageTest"/>
  <system-out/>
  <testcase name="loginTest" time="11.197" classname="com.salesforce.qa.testcases.LoginPageTest"/>
  <system-out/>
</testsuite> <!-- com.salesforce.qa.testcases.LoginPageTest -->
