<?xml version="1.0" encoding="UTF-8"?>
<!-- Generated by org.testng.reporters.JUnitReportReporter -->
<testsuite skipped="0" hostname="Rohans-MBP-2.attlocal.net" name="com.salesforce.qa.testcases.LoginPageTest" tests="5" failures="0" timestamp="2020-06-15T00:02:36 PDT" time="46.130" errors="0">
  <testcase name="loginPageTitleTest" time="4.466" classname="com.salesforce.qa.testcases.LoginPageTest"/>
  <system-out/>
  <testcase name="loginTest" time="9.125" classname="com.salesforce.qa.testcases.LoginPageTest"/>
  <system-out/>
  <testcase name="logintest_invalidCredentials" time="4.975" classname="com.salesforce.qa.testcases.LoginPageTest"/>
  <system-out/>
  <testcase name="logintest_invalidCredentials" time="8.156" classname="com.salesforce.qa.testcases.LoginPageTest"/>
  <system-out/>
  <testcase name="logintest_rememberMe" time="19.408" classname="com.salesforce.qa.testcases.LoginPageTest"/>
  <system-out/>
</testsuite> <!-- com.salesforce.qa.testcases.LoginPageTest -->
